<?xml version="1.0" encoding="UTF-8"?>
<!-- Generated by org.testng.reporters.JUnitReportReporter -->
<testsuite hostname="DESKTOP-V3L5TS7" failures="0" tests="1" name="com.opensource.admin.qa.TC001_Admin_SearchEmployee_POM" time="7.006" errors="0" timestamp="2021-05-28T14:12:49 CDT" skipped="0">
  <testcase classname="com.opensource.admin.qa.TC001_Admin_SearchEmployee_POM" name="TC001_Admin_SearchEmployee_POM_TestScript" time="7.006"/>
  <system-out>
    <![CDATA[Launching...https://opensource-demo.orangehrmlive.com/
Login into Orange open source
Validate that you have logged in sucessfully
Click Admin - Go to the admin page
Search username in field
verify value in search table
Logout into Orange open source]]>
  </system-out>
</testsuite> <!-- com.opensource.admin.qa.TC001_Admin_SearchEmployee_POM -->
